<?xml version="1.0" encoding="UTF-8"?>
<testng-results skipped="0" failed="0" total="2" passed="2">
  <reporter-output>
  </reporter-output>
  <suite name="Default suite" duration-ms="174" started-at="2013-08-04T14:55:40Z" finished-at="2013-08-04T14:55:40Z">
    <groups>
    </groups>
    <test name="Default test" duration-ms="174" started-at="2013-08-04T14:55:40Z" finished-at="2013-08-04T14:55:40Z">
      <class name="br.com.router.service.ServiceATest">
        <test-method status="PASS" signature="init()[pri:0, instance:br.com.router.service.ServiceATest@1804e4]" name="init" is-config="true" duration-ms="10" started-at="2013-08-04T11:55:40Z" finished-at="2013-08-04T11:55:40Z">
          <reporter-output>
          </reporter-output>
        </test-method> <!-- init -->
        <test-method status="PASS" signature="testRouteA()[pri:0, instance:br.com.router.service.ServiceATest@1804e4]" name="testRouteA" duration-ms="150" started-at="2013-08-04T11:55:40Z" finished-at="2013-08-04T11:55:40Z">
          <reporter-output>
          </reporter-output>
        </test-method> <!-- testRouteA -->
        <test-method status="PASS" signature="testRouteB()[pri:0, instance:br.com.router.service.ServiceATest@1804e4]" name="testRouteB" duration-ms="1" started-at="2013-08-04T11:55:40Z" finished-at="2013-08-04T11:55:40Z">
          <reporter-output>
          </reporter-output>
        </test-method> <!-- testRouteB -->
      </class> <!-- br.com.router.service.ServiceATest -->
    </test> <!-- Default test -->
  </suite> <!-- Default suite -->
</testng-results>
